<?xml version="1.0" encoding="UTF-8"?>
<robot generator="Robot 3.2.2 (Python 3.6.9 on linux)" generated="20201027 18:11:44.977" rpa="false">
<suite id="s1" name="RobotTestCases" source="/home/tathyak/Programmatic/Django_Cybage_Assignment/RobotTestCases">
<suite id="s1-s1" name="TestDeptPage" source="/home/tathyak/Programmatic/Django_Cybage_Assignment/RobotTestCases/TestDeptPage.robot">
<test id="s1-s1-t1" name="DepartmentTest">
<kw name="Open Browser" library="SeleniumLibrary">
<doc>Opens a new browser instance to the optional ``url``.</doc>
<arguments>
<arg>${DeptUrl}</arg>
<arg>${Browser}</arg>
</arguments>
<msg timestamp="20201027 18:11:45.131" level="INFO">Opening browser 'chrome' to base url 'http://127.0.0.1:8000/admin/employee_app/department/'.</msg>
<status status="PASS" starttime="20201027 18:11:45.130" endtime="20201027 18:11:47.773"></status>
</kw>
<kw name="Maximize Browser Window" library="SeleniumLibrary">
<doc>Maximizes current browser window.</doc>
<status status="PASS" starttime="20201027 18:11:47.773" endtime="20201027 18:11:47.776"></status>
</kw>
<kw name="Login" library="Common">
<kw name="Input Text" library="SeleniumLibrary">
<doc>Types the given ``text`` into the text field identified by ``locator``.</doc>
<arguments>
<arg>id:id_username</arg>
<arg>tathyak</arg>
</arguments>
<msg timestamp="20201027 18:11:47.777" level="INFO">Typing text 'tathyak' into text field 'id:id_username'.</msg>
<status status="PASS" starttime="20201027 18:11:47.777" endtime="20201027 18:11:47.852"></status>
</kw>
<kw name="Input Text" library="SeleniumLibrary">
<doc>Types the given ``text`` into the text field identified by ``locator``.</doc>
<arguments>
<arg>id:id_password</arg>
<arg>tathya123</arg>
</arguments>
<msg timestamp="20201027 18:11:47.852" level="INFO">Typing text 'tathya123' into text field 'id:id_password'.</msg>
<status status="PASS" starttime="20201027 18:11:47.852" endtime="20201027 18:11:47.930"></status>
</kw>
<kw name="Click Element" library="SeleniumLibrary">
<doc>Click the element identified by ``locator``.</doc>
<arguments>
<arg>xpath://body/div[@id='container']/div[@id='main']/div[1]/div[1]/div[1]/form[1]/div[3]/input[1]</arg>
</arguments>
<msg timestamp="20201027 18:11:47.930" level="INFO">Clicking element 'xpath://body/div[@id='container']/div[@id='main']/div[1]/div[1]/div[1]/form[1]/div[3]/input[1]'.</msg>
<status status="PASS" starttime="20201027 18:11:47.930" endtime="20201027 18:11:49.156"></status>
</kw>
<status status="PASS" starttime="20201027 18:11:47.776" endtime="20201027 18:11:49.156"></status>
</kw>
<kw name="Sleep" library="BuiltIn">
<doc>Pauses the test executed for the given time.</doc>
<arguments>
<arg>1</arg>
</arguments>
<msg timestamp="20201027 18:11:50.157" level="INFO">Slept 1 second</msg>
<status status="PASS" starttime="20201027 18:11:49.157" endtime="20201027 18:11:50.158"></status>
</kw>
<kw name="Click Element" library="SeleniumLibrary">
<doc>Click the element identified by ``locator``.</doc>
<arguments>
<arg>xpath://a[contains(text(),'Add department')]</arg>
</arguments>
<msg timestamp="20201027 18:11:50.159" level="INFO">Clicking element 'xpath://a[contains(text(),'Add department')]'.</msg>
<status status="PASS" starttime="20201027 18:11:50.158" endtime="20201027 18:11:50.409"></status>
</kw>
<kw name="Sleep" library="BuiltIn">
<doc>Pauses the test executed for the given time.</doc>
<arguments>
<arg>1</arg>
</arguments>
<msg timestamp="20201027 18:11:51.410" level="INFO">Slept 1 second</msg>
<status status="PASS" starttime="20201027 18:11:50.409" endtime="20201027 18:11:51.410"></status>
</kw>
<kw name="Select From List By Index" library="SeleniumLibrary">
<doc>Selects options from selection list ``locator`` by ``indexes``.</doc>
<arguments>
<arg>organization</arg>
<arg>1</arg>
</arguments>
<msg timestamp="20201027 18:11:51.412" level="INFO">Selecting options from selection list 'organization' by index 1.</msg>
<status status="PASS" starttime="20201027 18:11:51.411" endtime="20201027 18:11:51.490"></status>
</kw>
<kw name="Sleep" library="BuiltIn">
<doc>Pauses the test executed for the given time.</doc>
<arguments>
<arg>1</arg>
</arguments>
<msg timestamp="20201027 18:11:52.491" level="INFO">Slept 1 second</msg>
<status status="PASS" starttime="20201027 18:11:51.490" endtime="20201027 18:11:52.491"></status>
</kw>
<kw name="Set Variable" library="BuiltIn">
<doc>Returns the given values which can then be assigned to a variables.</doc>
<arguments>
<arg>id:id_departmentName</arg>
</arguments>
<assign>
<var>${"DeptName"}</var>
</assign>
<msg timestamp="20201027 18:11:52.493" level="INFO">${"DeptName"} = id:id_departmentName</msg>
<status status="PASS" starttime="20201027 18:11:52.492" endtime="20201027 18:11:52.493"></status>
</kw>
<kw name="Element Should Be Visible" library="SeleniumLibrary">
<doc>Verifies that the element identified by ``locator`` is visible.</doc>
<arguments>
<arg>${"DeptName"}</arg>
</arguments>
<msg timestamp="20201027 18:11:52.522" level="INFO">Element 'id:id_departmentName' is displayed.</msg>
<status status="PASS" starttime="20201027 18:11:52.493" endtime="20201027 18:11:52.522"></status>
</kw>
<kw name="Element Should Be Enabled" library="SeleniumLibrary">
<doc>Verifies that element identified by ``locator`` is enabled.</doc>
<arguments>
<arg>${"DeptName"}</arg>
</arguments>
<status status="PASS" starttime="20201027 18:11:52.523" endtime="20201027 18:11:52.546"></status>
</kw>
<kw name="Input Text" library="SeleniumLibrary">
<doc>Types the given ``text`` into the text field identified by ``locator``.</doc>
<arguments>
<arg>${"DeptName"}</arg>
<arg>testdept</arg>
</arguments>
<msg timestamp="20201027 18:11:52.547" level="INFO">Typing text 'testdept' into text field 'id:id_departmentName'.</msg>
<status status="PASS" starttime="20201027 18:11:52.546" endtime="20201027 18:11:52.623"></status>
</kw>
<kw name="Sleep" library="BuiltIn">
<doc>Pauses the test executed for the given time.</doc>
<arguments>
<arg>1</arg>
</arguments>
<msg timestamp="20201027 18:11:53.624" level="INFO">Slept 1 second</msg>
<status status="PASS" starttime="20201027 18:11:52.623" endtime="20201027 18:11:53.624"></status>
</kw>
<kw name="Click Element" library="SeleniumLibrary">
<doc>Click the element identified by ``locator``.</doc>
<arguments>
<arg>xpath://body/div[@id='container']/div[@id='main']/div[1]/div[1]/div[1]/form[1]/div[1]/div[1]/input[1]</arg>
</arguments>
<msg timestamp="20201027 18:11:53.625" level="INFO">Clicking element 'xpath://body/div[@id='container']/div[@id='main']/div[1]/div[1]/div[1]/form[1]/div[1]/div[1]/input[1]'.</msg>
<status status="PASS" starttime="20201027 18:11:53.625" endtime="20201027 18:11:54.034"></status>
</kw>
<kw name="Test checkbox" library="Common">
<kw name="Select Checkbox" library="SeleniumLibrary">
<doc>Selects the checkbox identified by ``locator``.</doc>
<arguments>
<arg>xpath://tbody/tr[1]/td[1]/input[1]</arg>
</arguments>
<msg timestamp="20201027 18:11:54.035" level="INFO">Selecting checkbox 'xpath://tbody/tr[1]/td[1]/input[1]'.</msg>
<status status="PASS" starttime="20201027 18:11:54.035" endtime="20201027 18:11:54.106"></status>
</kw>
<kw name="Select Checkbox" library="SeleniumLibrary">
<doc>Selects the checkbox identified by ``locator``.</doc>
<arguments>
<arg>xpath://tbody/tr[2]/td[1]/input[1]</arg>
</arguments>
<msg timestamp="20201027 18:11:54.106" level="INFO">Selecting checkbox 'xpath://tbody/tr[2]/td[1]/input[1]'.</msg>
<status status="PASS" starttime="20201027 18:11:54.106" endtime="20201027 18:11:54.173"></status>
</kw>
<kw name="Sleep" library="BuiltIn">
<doc>Pauses the test executed for the given time.</doc>
<arguments>
<arg>1</arg>
</arguments>
<msg timestamp="20201027 18:11:55.174" level="INFO">Slept 1 second</msg>
<status status="PASS" starttime="20201027 18:11:54.173" endtime="20201027 18:11:55.174"></status>
</kw>
<kw name="Unselect Checkbox" library="SeleniumLibrary">
<doc>Removes the selection of checkbox identified by ``locator``.</doc>
<arguments>
<arg>xpath://tbody/tr[2]/td[1]/input[1]</arg>
</arguments>
<msg timestamp="20201027 18:11:55.175" level="INFO">Unselecting checkbox 'xpath://tbody/tr[2]/td[1]/input[1]'.</msg>
<status status="PASS" starttime="20201027 18:11:55.174" endtime="20201027 18:11:55.271"></status>
</kw>
<kw name="Sleep" library="BuiltIn">
<doc>Pauses the test executed for the given time.</doc>
<arguments>
<arg>1</arg>
</arguments>
<msg timestamp="20201027 18:11:56.272" level="INFO">Slept 1 second</msg>
<status status="PASS" starttime="20201027 18:11:55.272" endtime="20201027 18:11:56.273"></status>
</kw>
<status status="PASS" starttime="20201027 18:11:54.034" endtime="20201027 18:11:56.273"></status>
</kw>
<kw name="Delete Entry" library="Common">
<kw name="Select From List By Index" library="SeleniumLibrary">
<doc>Selects options from selection list ``locator`` by ``indexes``.</doc>
<arguments>
<arg>action</arg>
<arg>1</arg>
</arguments>
<msg timestamp="20201027 18:11:56.275" level="INFO">Selecting options from selection list 'action' by index 1.</msg>
<status status="PASS" starttime="20201027 18:11:56.274" endtime="20201027 18:11:56.439"></status>
</kw>
<kw name="Click Element" library="SeleniumLibrary">
<doc>Click the element identified by ``locator``.</doc>
<arguments>
<arg>xpath://button[contains(text(),'Go')]</arg>
</arguments>
<msg timestamp="20201027 18:11:56.439" level="INFO">Clicking element 'xpath://button[contains(text(),'Go')]'.</msg>
<status status="PASS" starttime="20201027 18:11:56.439" endtime="20201027 18:11:56.574"></status>
</kw>
<kw name="Click Element" library="SeleniumLibrary">
<doc>Click the element identified by ``locator``.</doc>
<arguments>
<arg>xpath://body/div[@id='container']/div[@id='main']/div[1]/div[1]/form[1]/div[1]/input[4]</arg>
</arguments>
<msg timestamp="20201027 18:11:56.574" level="INFO">Clicking element 'xpath://body/div[@id='container']/div[@id='main']/div[1]/div[1]/form[1]/div[1]/input[4]'.</msg>
<status status="PASS" starttime="20201027 18:11:56.574" endtime="20201027 18:11:57.099"></status>
</kw>
<kw name="Sleep" library="BuiltIn">
<doc>Pauses the test executed for the given time.</doc>
<arguments>
<arg>1</arg>
</arguments>
<msg timestamp="20201027 18:11:58.100" level="INFO">Slept 1 second</msg>
<status status="PASS" starttime="20201027 18:11:57.099" endtime="20201027 18:11:58.100"></status>
</kw>
<status status="PASS" starttime="20201027 18:11:56.274" endtime="20201027 18:11:58.100"></status>
</kw>
<kw name="Close Browser" library="SeleniumLibrary">
<doc>Closes the current browser.</doc>
<status status="PASS" starttime="20201027 18:11:58.101" endtime="20201027 18:11:58.160"></status>
</kw>
<status status="PASS" starttime="20201027 18:11:45.129" endtime="20201027 18:11:58.160" critical="yes"></status>
</test>
<status status="PASS" starttime="20201027 18:11:44.999" endtime="20201027 18:11:58.161"></status>
</suite>
<suite id="s1-s2" name="TestDesPage" source="/home/tathyak/Programmatic/Django_Cybage_Assignment/RobotTestCases/TestDesPage.robot">
<test id="s1-s2-t1" name="DesignationTest">
<kw name="Open Browser" library="SeleniumLibrary">
<doc>Opens a new browser instance to the optional ``url``.</doc>
<arguments>
<arg>${DesUrl}</arg>
<arg>${Browser}</arg>
</arguments>
<msg timestamp="20201027 18:11:58.167" level="INFO">Opening browser 'chrome' to base url 'http://127.0.0.1:8000/admin/employee_app/designation/'.</msg>
<status status="PASS" starttime="20201027 18:11:58.167" endtime="20201027 18:12:00.528"></status>
</kw>
<kw name="Maximize Browser Window" library="SeleniumLibrary">
<doc>Maximizes current browser window.</doc>
<status status="PASS" starttime="20201027 18:12:00.529" endtime="20201027 18:12:00.535"></status>
</kw>
<kw name="Login" library="Common">
<kw name="Input Text" library="SeleniumLibrary">
<doc>Types the given ``text`` into the text field identified by ``locator``.</doc>
<arguments>
<arg>id:id_username</arg>
<arg>tathyak</arg>
</arguments>
<msg timestamp="20201027 18:12:00.536" level="INFO">Typing text 'tathyak' into text field 'id:id_username'.</msg>
<status status="PASS" starttime="20201027 18:12:00.536" endtime="20201027 18:12:00.617"></status>
</kw>
<kw name="Input Text" library="SeleniumLibrary">
<doc>Types the given ``text`` into the text field identified by ``locator``.</doc>
<arguments>
<arg>id:id_password</arg>
<arg>tathya123</arg>
</arguments>
<msg timestamp="20201027 18:12:00.618" level="INFO">Typing text 'tathya123' into text field 'id:id_password'.</msg>
<status status="PASS" starttime="20201027 18:12:00.618" endtime="20201027 18:12:00.701"></status>
</kw>
<kw name="Click Element" library="SeleniumLibrary">
<doc>Click the element identified by ``locator``.</doc>
<arguments>
<arg>xpath://body/div[@id='container']/div[@id='main']/div[1]/div[1]/div[1]/form[1]/div[3]/input[1]</arg>
</arguments>
<msg timestamp="20201027 18:12:00.702" level="INFO">Clicking element 'xpath://body/div[@id='container']/div[@id='main']/div[1]/div[1]/div[1]/form[1]/div[3]/input[1]'.</msg>
<status status="PASS" starttime="20201027 18:12:00.702" endtime="20201027 18:12:01.982"></status>
</kw>
<status status="PASS" starttime="20201027 18:12:00.536" endtime="20201027 18:12:01.982"></status>
</kw>
<kw name="Sleep" library="BuiltIn">
<doc>Pauses the test executed for the given time.</doc>
<arguments>
<arg>1</arg>
</arguments>
<msg timestamp="20201027 18:12:02.983" level="INFO">Slept 1 second</msg>
<status status="PASS" starttime="20201027 18:12:01.982" endtime="20201027 18:12:02.983"></status>
</kw>
<kw name="Click Element" library="SeleniumLibrary">
<doc>Click the element identified by ``locator``.</doc>
<arguments>
<arg>xpath://a[contains(text(),'Add designation')]</arg>
</arguments>
<msg timestamp="20201027 18:12:02.984" level="INFO">Clicking element 'xpath://a[contains(text(),'Add designation')]'.</msg>
<status status="PASS" starttime="20201027 18:12:02.984" endtime="20201027 18:12:03.293"></status>
</kw>
<kw name="Sleep" library="BuiltIn">
<doc>Pauses the test executed for the given time.</doc>
<arguments>
<arg>1</arg>
</arguments>
<msg timestamp="20201027 18:12:04.296" level="INFO">Slept 1 second</msg>
<status status="PASS" starttime="20201027 18:12:03.295" endtime="20201027 18:12:04.296"></status>
</kw>
<kw name="Set Variable" library="BuiltIn">
<doc>Returns the given values which can then be assigned to a variables.</doc>
<arguments>
<arg>id:id_designationName</arg>
</arguments>
<assign>
<var>${"DesName"}</var>
</assign>
<msg timestamp="20201027 18:12:04.297" level="INFO">${"DesName"} = id:id_designationName</msg>
<status status="PASS" starttime="20201027 18:12:04.297" endtime="20201027 18:12:04.298"></status>
</kw>
<kw name="Element Should Be Visible" library="SeleniumLibrary">
<doc>Verifies that the element identified by ``locator`` is visible.</doc>
<arguments>
<arg>${"DesName"}</arg>
</arguments>
<msg timestamp="20201027 18:12:04.329" level="INFO">Element 'id:id_designationName' is displayed.</msg>
<status status="PASS" starttime="20201027 18:12:04.298" endtime="20201027 18:12:04.329"></status>
</kw>
<kw name="Element Should Be Enabled" library="SeleniumLibrary">
<doc>Verifies that element identified by ``locator`` is enabled.</doc>
<arguments>
<arg>${"DesName"}</arg>
</arguments>
<status status="PASS" starttime="20201027 18:12:04.329" endtime="20201027 18:12:04.351"></status>
</kw>
<kw name="Input Text" library="SeleniumLibrary">
<doc>Types the given ``text`` into the text field identified by ``locator``.</doc>
<arguments>
<arg>${"DesName"}</arg>
<arg>testdes</arg>
</arguments>
<msg timestamp="20201027 18:12:04.351" level="INFO">Typing text 'testdes' into text field 'id:id_designationName'.</msg>
<status status="PASS" starttime="20201027 18:12:04.351" endtime="20201027 18:12:04.412"></status>
</kw>
<kw name="Sleep" library="BuiltIn">
<doc>Pauses the test executed for the given time.</doc>
<arguments>
<arg>1</arg>
</arguments>
<msg timestamp="20201027 18:12:05.413" level="INFO">Slept 1 second</msg>
<status status="PASS" starttime="20201027 18:12:04.412" endtime="20201027 18:12:05.413"></status>
</kw>
<kw name="Click Element" library="SeleniumLibrary">
<doc>Click the element identified by ``locator``.</doc>
<arguments>
<arg>xpath://body/div[@id='container']/div[@id='main']/div[1]/div[1]/div[1]/form[1]/div[1]/div[1]/input[1]</arg>
</arguments>
<msg timestamp="20201027 18:12:05.414" level="INFO">Clicking element 'xpath://body/div[@id='container']/div[@id='main']/div[1]/div[1]/div[1]/form[1]/div[1]/div[1]/input[1]'.</msg>
<status status="PASS" starttime="20201027 18:12:05.414" endtime="20201027 18:12:05.864"></status>
</kw>
<kw name="Test checkbox" library="Common">
<kw name="Select Checkbox" library="SeleniumLibrary">
<doc>Selects the checkbox identified by ``locator``.</doc>
<arguments>
<arg>xpath://tbody/tr[1]/td[1]/input[1]</arg>
</arguments>
<msg timestamp="20201027 18:12:05.865" level="INFO">Selecting checkbox 'xpath://tbody/tr[1]/td[1]/input[1]'.</msg>
<status status="PASS" starttime="20201027 18:12:05.864" endtime="20201027 18:12:05.938"></status>
</kw>
<kw name="Select Checkbox" library="SeleniumLibrary">
<doc>Selects the checkbox identified by ``locator``.</doc>
<arguments>
<arg>xpath://tbody/tr[2]/td[1]/input[1]</arg>
</arguments>
<msg timestamp="20201027 18:12:05.938" level="INFO">Selecting checkbox 'xpath://tbody/tr[2]/td[1]/input[1]'.</msg>
<status status="PASS" starttime="20201027 18:12:05.938" endtime="20201027 18:12:06.006"></status>
</kw>
<kw name="Sleep" library="BuiltIn">
<doc>Pauses the test executed for the given time.</doc>
<arguments>
<arg>1</arg>
</arguments>
<msg timestamp="20201027 18:12:07.007" level="INFO">Slept 1 second</msg>
<status status="PASS" starttime="20201027 18:12:06.006" endtime="20201027 18:12:07.007"></status>
</kw>
<kw name="Unselect Checkbox" library="SeleniumLibrary">
<doc>Removes the selection of checkbox identified by ``locator``.</doc>
<arguments>
<arg>xpath://tbody/tr[2]/td[1]/input[1]</arg>
</arguments>
<msg timestamp="20201027 18:12:07.008" level="INFO">Unselecting checkbox 'xpath://tbody/tr[2]/td[1]/input[1]'.</msg>
<status status="PASS" starttime="20201027 18:12:07.008" endtime="20201027 18:12:07.121"></status>
</kw>
<kw name="Sleep" library="BuiltIn">
<doc>Pauses the test executed for the given time.</doc>
<arguments>
<arg>1</arg>
</arguments>
<msg timestamp="20201027 18:12:08.123" level="INFO">Slept 1 second</msg>
<status status="PASS" starttime="20201027 18:12:07.122" endtime="20201027 18:12:08.123"></status>
</kw>
<status status="PASS" starttime="20201027 18:12:05.864" endtime="20201027 18:12:08.123"></status>
</kw>
<kw name="Delete Entry" library="Common">
<kw name="Select From List By Index" library="SeleniumLibrary">
<doc>Selects options from selection list ``locator`` by ``indexes``.</doc>
<arguments>
<arg>action</arg>
<arg>1</arg>
</arguments>
<msg timestamp="20201027 18:12:08.125" level="INFO">Selecting options from selection list 'action' by index 1.</msg>
<status status="PASS" starttime="20201027 18:12:08.125" endtime="20201027 18:12:08.221"></status>
</kw>
<kw name="Click Element" library="SeleniumLibrary">
<doc>Click the element identified by ``locator``.</doc>
<arguments>
<arg>xpath://button[contains(text(),'Go')]</arg>
</arguments>
<msg timestamp="20201027 18:12:08.221" level="INFO">Clicking element 'xpath://button[contains(text(),'Go')]'.</msg>
<status status="PASS" starttime="20201027 18:12:08.221" endtime="20201027 18:12:08.363"></status>
</kw>
<kw name="Click Element" library="SeleniumLibrary">
<doc>Click the element identified by ``locator``.</doc>
<arguments>
<arg>xpath://body/div[@id='container']/div[@id='main']/div[1]/div[1]/form[1]/div[1]/input[4]</arg>
</arguments>
<msg timestamp="20201027 18:12:08.363" level="INFO">Clicking element 'xpath://body/div[@id='container']/div[@id='main']/div[1]/div[1]/form[1]/div[1]/input[4]'.</msg>
<status status="PASS" starttime="20201027 18:12:08.363" endtime="20201027 18:12:08.824"></status>
</kw>
<kw name="Sleep" library="BuiltIn">
<doc>Pauses the test executed for the given time.</doc>
<arguments>
<arg>1</arg>
</arguments>
<msg timestamp="20201027 18:12:09.824" level="INFO">Slept 1 second</msg>
<status status="PASS" starttime="20201027 18:12:08.824" endtime="20201027 18:12:09.825"></status>
</kw>
<status status="PASS" starttime="20201027 18:12:08.124" endtime="20201027 18:12:09.825"></status>
</kw>
<kw name="Close Browser" library="SeleniumLibrary">
<doc>Closes the current browser.</doc>
<status status="PASS" starttime="20201027 18:12:09.825" endtime="20201027 18:12:09.883"></status>
</kw>
<status status="PASS" starttime="20201027 18:11:58.166" endtime="20201027 18:12:09.883" critical="yes"></status>
</test>
<status status="PASS" starttime="20201027 18:11:58.162" endtime="20201027 18:12:09.884"></status>
</suite>
<suite id="s1-s3" name="TestEmpPage" source="/home/tathyak/Programmatic/Django_Cybage_Assignment/RobotTestCases/TestEmpPage.robot">
<test id="s1-s3-t1" name="EmployeeTest">
<kw name="Open Browser" library="SeleniumLibrary">
<doc>Opens a new browser instance to the optional ``url``.</doc>
<arguments>
<arg>${EmpUrl}</arg>
<arg>${Browser}</arg>
</arguments>
<msg timestamp="20201027 18:12:09.890" level="INFO">Opening browser 'chrome' to base url 'http://127.0.0.1:8000/admin/employee_app/employee/'.</msg>
<status status="PASS" starttime="20201027 18:12:09.890" endtime="20201027 18:12:12.344"></status>
</kw>
<kw name="Maximize Browser Window" library="SeleniumLibrary">
<doc>Maximizes current browser window.</doc>
<status status="PASS" starttime="20201027 18:12:12.344" endtime="20201027 18:12:12.352"></status>
</kw>
<kw name="Login" library="Common">
<kw name="Input Text" library="SeleniumLibrary">
<doc>Types the given ``text`` into the text field identified by ``locator``.</doc>
<arguments>
<arg>id:id_username</arg>
<arg>tathyak</arg>
</arguments>
<msg timestamp="20201027 18:12:12.353" level="INFO">Typing text 'tathyak' into text field 'id:id_username'.</msg>
<status status="PASS" starttime="20201027 18:12:12.353" endtime="20201027 18:12:12.429"></status>
</kw>
<kw name="Input Text" library="SeleniumLibrary">
<doc>Types the given ``text`` into the text field identified by ``locator``.</doc>
<arguments>
<arg>id:id_password</arg>
<arg>tathya123</arg>
</arguments>
<msg timestamp="20201027 18:12:12.430" level="INFO">Typing text 'tathya123' into text field 'id:id_password'.</msg>
<status status="PASS" starttime="20201027 18:12:12.430" endtime="20201027 18:12:12.513"></status>
</kw>
<kw name="Click Element" library="SeleniumLibrary">
<doc>Click the element identified by ``locator``.</doc>
<arguments>
<arg>xpath://body/div[@id='container']/div[@id='main']/div[1]/div[1]/div[1]/form[1]/div[3]/input[1]</arg>
</arguments>
<msg timestamp="20201027 18:12:12.513" level="INFO">Clicking element 'xpath://body/div[@id='container']/div[@id='main']/div[1]/div[1]/div[1]/form[1]/div[3]/input[1]'.</msg>
<status status="PASS" starttime="20201027 18:12:12.513" endtime="20201027 18:12:13.481"></status>
</kw>
<status status="PASS" starttime="20201027 18:12:12.352" endtime="20201027 18:12:13.482"></status>
</kw>
<kw name="Sleep" library="BuiltIn">
<doc>Pauses the test executed for the given time.</doc>
<arguments>
<arg>1</arg>
</arguments>
<msg timestamp="20201027 18:12:14.483" level="INFO">Slept 1 second</msg>
<status status="PASS" starttime="20201027 18:12:13.482" endtime="20201027 18:12:14.483"></status>
</kw>
<kw name="Click Element" library="SeleniumLibrary">
<doc>Click the element identified by ``locator``.</doc>
<arguments>
<arg>xpath://a[contains(text(),'Add employee')]</arg>
</arguments>
<msg timestamp="20201027 18:12:14.484" level="INFO">Clicking element 'xpath://a[contains(text(),'Add employee')]'.</msg>
<status status="PASS" starttime="20201027 18:12:14.484" endtime="20201027 18:12:14.768"></status>
</kw>
<kw name="Sleep" library="BuiltIn">
<doc>Pauses the test executed for the given time.</doc>
<arguments>
<arg>1</arg>
</arguments>
<msg timestamp="20201027 18:12:15.768" level="INFO">Slept 1 second</msg>
<status status="PASS" starttime="20201027 18:12:14.768" endtime="20201027 18:12:15.769"></status>
</kw>
<kw name="Set Variable" library="BuiltIn">
<doc>Returns the given values which can then be assigned to a variables.</doc>
<arguments>
<arg>id:id_name</arg>
</arguments>
<assign>
<var>${"Name"}</var>
</assign>
<msg timestamp="20201027 18:12:15.770" level="INFO">${"Name"} = id:id_name</msg>
<status status="PASS" starttime="20201027 18:12:15.769" endtime="20201027 18:12:15.770"></status>
</kw>
<kw name="Set Variable" library="BuiltIn">
<doc>Returns the given values which can then be assigned to a variables.</doc>
<arguments>
<arg>id:id_email</arg>
</arguments>
<assign>
<var>${"Email"}</var>
</assign>
<msg timestamp="20201027 18:12:15.771" level="INFO">${"Email"} = id:id_email</msg>
<status status="PASS" starttime="20201027 18:12:15.771" endtime="20201027 18:12:15.772"></status>
</kw>
<kw name="Set Variable" library="BuiltIn">
<doc>Returns the given values which can then be assigned to a variables.</doc>
<arguments>
<arg>id:id_department</arg>
</arguments>
<assign>
<var>${"Department"}</var>
</assign>
<msg timestamp="20201027 18:12:15.773" level="INFO">${"Department"} = id:id_department</msg>
<status status="PASS" starttime="20201027 18:12:15.772" endtime="20201027 18:12:15.773"></status>
</kw>
<kw name="Set Variable" library="BuiltIn">
<doc>Returns the given values which can then be assigned to a variables.</doc>
<arguments>
<arg>id:id_department</arg>
</arguments>
<assign>
<var>${"Designation"}</var>
</assign>
<msg timestamp="20201027 18:12:15.774" level="INFO">${"Designation"} = id:id_department</msg>
<status status="PASS" starttime="20201027 18:12:15.773" endtime="20201027 18:12:15.774"></status>
</kw>
<kw name="Set Variable" library="BuiltIn">
<doc>Returns the given values which can then be assigned to a variables.</doc>
<arguments>
<arg>id:id_form-0-bio</arg>
</arguments>
<assign>
<var>${"Bio"}</var>
</assign>
<msg timestamp="20201027 18:12:15.774" level="INFO">${"Bio"} = id:id_form-0-bio</msg>
<status status="PASS" starttime="20201027 18:12:15.774" endtime="20201027 18:12:15.775"></status>
</kw>
<kw name="Element Should Be Visible" library="SeleniumLibrary">
<doc>Verifies that the element identified by ``locator`` is visible.</doc>
<arguments>
<arg>${"Name"}</arg>
</arguments>
<msg timestamp="20201027 18:12:15.802" level="INFO">Element 'id:id_name' is displayed.</msg>
<status status="PASS" starttime="20201027 18:12:15.775" endtime="20201027 18:12:15.802"></status>
</kw>
<kw name="Element Should Be Enabled" library="SeleniumLibrary">
<doc>Verifies that element identified by ``locator`` is enabled.</doc>
<arguments>
<arg>${"Name"}</arg>
</arguments>
<status status="PASS" starttime="20201027 18:12:15.803" endtime="20201027 18:12:15.827"></status>
</kw>
<kw name="Element Should Be Visible" library="SeleniumLibrary">
<doc>Verifies that the element identified by ``locator`` is visible.</doc>
<arguments>
<arg>${"Email"}</arg>
</arguments>
<msg timestamp="20201027 18:12:15.855" level="INFO">Element 'id:id_email' is displayed.</msg>
<status status="PASS" starttime="20201027 18:12:15.827" endtime="20201027 18:12:15.855"></status>
</kw>
<kw name="Element Should Be Enabled" library="SeleniumLibrary">
<doc>Verifies that element identified by ``locator`` is enabled.</doc>
<arguments>
<arg>${"Email"}</arg>
</arguments>
<status status="PASS" starttime="20201027 18:12:15.855" endtime="20201027 18:12:15.879"></status>
</kw>
<kw name="Element Should Be Visible" library="SeleniumLibrary">
<doc>Verifies that the element identified by ``locator`` is visible.</doc>
<arguments>
<arg>${"Department"}</arg>
</arguments>
<msg timestamp="20201027 18:12:15.902" level="INFO">Element 'id:id_department' is displayed.</msg>
<status status="PASS" starttime="20201027 18:12:15.879" endtime="20201027 18:12:15.902"></status>
</kw>
<kw name="Element Should Be Enabled" library="SeleniumLibrary">
<doc>Verifies that element identified by ``locator`` is enabled.</doc>
<arguments>
<arg>${"Department"}</arg>
</arguments>
<status status="PASS" starttime="20201027 18:12:15.903" endtime="20201027 18:12:15.926"></status>
</kw>
<kw name="Element Should Be Visible" library="SeleniumLibrary">
<doc>Verifies that the element identified by ``locator`` is visible.</doc>
<arguments>
<arg>${"Designation"}</arg>
</arguments>
<msg timestamp="20201027 18:12:15.946" level="INFO">Element 'id:id_department' is displayed.</msg>
<status status="PASS" starttime="20201027 18:12:15.927" endtime="20201027 18:12:15.946"></status>
</kw>
<kw name="Element Should Be Enabled" library="SeleniumLibrary">
<doc>Verifies that element identified by ``locator`` is enabled.</doc>
<arguments>
<arg>${"Designation"}</arg>
</arguments>
<status status="PASS" starttime="20201027 18:12:15.947" endtime="20201027 18:12:15.969"></status>
</kw>
<kw name="Element Should Be Visible" library="SeleniumLibrary">
<doc>Verifies that the element identified by ``locator`` is visible.</doc>
<arguments>
<arg>${"Bio"}</arg>
</arguments>
<msg timestamp="20201027 18:12:15.998" level="INFO">Element 'id:id_form-0-bio' is displayed.</msg>
<status status="PASS" starttime="20201027 18:12:15.969" endtime="20201027 18:12:15.999"></status>
</kw>
<kw name="Element Should Be Enabled" library="SeleniumLibrary">
<doc>Verifies that element identified by ``locator`` is enabled.</doc>
<arguments>
<arg>${"Bio"}</arg>
</arguments>
<status status="PASS" starttime="20201027 18:12:15.999" endtime="20201027 18:12:16.021"></status>
</kw>
<kw name="Input Text" library="SeleniumLibrary">
<doc>Types the given ``text`` into the text field identified by ``locator``.</doc>
<arguments>
<arg>${"Name"}</arg>
<arg>testname</arg>
</arguments>
<msg timestamp="20201027 18:12:16.022" level="INFO">Typing text 'testname' into text field 'id:id_name'.</msg>
<status status="PASS" starttime="20201027 18:12:16.021" endtime="20201027 18:12:16.095"></status>
</kw>
<kw name="Sleep" library="BuiltIn">
<doc>Pauses the test executed for the given time.</doc>
<arguments>
<arg>1</arg>
</arguments>
<msg timestamp="20201027 18:12:17.096" level="INFO">Slept 1 second</msg>
<status status="PASS" starttime="20201027 18:12:16.095" endtime="20201027 18:12:17.096"></status>
</kw>
<kw name="Input Text" library="SeleniumLibrary">
<doc>Types the given ``text`` into the text field identified by ``locator``.</doc>
<arguments>
<arg>${"Email"}</arg>
<arg>test@email.com</arg>
</arguments>
<msg timestamp="20201027 18:12:17.098" level="INFO">Typing text 'test@email.com' into text field 'id:id_email'.</msg>
<status status="PASS" starttime="20201027 18:12:17.097" endtime="20201027 18:12:17.219"></status>
</kw>
<kw name="Sleep" library="BuiltIn">
<doc>Pauses the test executed for the given time.</doc>
<arguments>
<arg>1</arg>
</arguments>
<msg timestamp="20201027 18:12:18.220" level="INFO">Slept 1 second</msg>
<status status="PASS" starttime="20201027 18:12:17.220" endtime="20201027 18:12:18.221"></status>
</kw>
<kw name="Select From List By Index" library="SeleniumLibrary">
<doc>Selects options from selection list ``locator`` by ``indexes``.</doc>
<arguments>
<arg>department</arg>
<arg>0</arg>
</arguments>
<msg timestamp="20201027 18:12:18.222" level="INFO">Selecting options from selection list 'department' by index 0.</msg>
<status status="PASS" starttime="20201027 18:12:18.221" endtime="20201027 18:12:18.369"></status>
</kw>
<kw name="Select From List By Index" library="SeleniumLibrary">
<doc>Selects options from selection list ``locator`` by ``indexes``.</doc>
<arguments>
<arg>department</arg>
<arg>1</arg>
</arguments>
<msg timestamp="20201027 18:12:18.370" level="INFO">Selecting options from selection list 'department' by index 1.</msg>
<status status="PASS" starttime="20201027 18:12:18.369" endtime="20201027 18:12:18.430"></status>
</kw>
<kw name="Select From List By Index" library="SeleniumLibrary">
<doc>Selects options from selection list ``locator`` by ``indexes``.</doc>
<arguments>
<arg>department</arg>
<arg>2</arg>
</arguments>
<msg timestamp="20201027 18:12:18.431" level="INFO">Selecting options from selection list 'department' by index 2.</msg>
<status status="PASS" starttime="20201027 18:12:18.431" endtime="20201027 18:12:18.495"></status>
</kw>
<kw name="Sleep" library="BuiltIn">
<doc>Pauses the test executed for the given time.</doc>
<arguments>
<arg>1</arg>
</arguments>
<msg timestamp="20201027 18:12:19.495" level="INFO">Slept 1 second</msg>
<status status="PASS" starttime="20201027 18:12:18.495" endtime="20201027 18:12:19.496"></status>
</kw>
<kw name="Unselect From List By Index" library="SeleniumLibrary">
<doc>Unselects options from selection list ``locator`` by ``indexes``.</doc>
<arguments>
<arg>department</arg>
<arg>1</arg>
</arguments>
<msg timestamp="20201027 18:12:19.497" level="INFO">Un-selecting options from selection list 'department' by index 1.</msg>
<status status="PASS" starttime="20201027 18:12:19.496" endtime="20201027 18:12:19.583"></status>
</kw>
<kw name="Sleep" library="BuiltIn">
<doc>Pauses the test executed for the given time.</doc>
<arguments>
<arg>1</arg>
</arguments>
<msg timestamp="20201027 18:12:20.583" level="INFO">Slept 1 second</msg>
<status status="PASS" starttime="20201027 18:12:19.583" endtime="20201027 18:12:20.584"></status>
</kw>
<kw name="Select From List By Index" library="SeleniumLibrary">
<doc>Selects options from selection list ``locator`` by ``indexes``.</doc>
<arguments>
<arg>designation</arg>
<arg>1</arg>
</arguments>
<msg timestamp="20201027 18:12:20.584" level="INFO">Selecting options from selection list 'designation' by index 1.</msg>
<status status="PASS" starttime="20201027 18:12:20.584" endtime="20201027 18:12:20.708"></status>
</kw>
<kw name="Sleep" library="BuiltIn">
<doc>Pauses the test executed for the given time.</doc>
<arguments>
<arg>1</arg>
</arguments>
<msg timestamp="20201027 18:12:21.709" level="INFO">Slept 1 second</msg>
<status status="PASS" starttime="20201027 18:12:20.708" endtime="20201027 18:12:21.709"></status>
</kw>
<kw name="Input Text" library="SeleniumLibrary">
<doc>Types the given ``text`` into the text field identified by ``locator``.</doc>
<arguments>
<arg>${"Bio"}</arg>
<arg>testbio</arg>
</arguments>
<msg timestamp="20201027 18:12:21.710" level="INFO">Typing text 'testbio' into text field 'id:id_form-0-bio'.</msg>
<status status="PASS" starttime="20201027 18:12:21.710" endtime="20201027 18:12:21.798"></status>
</kw>
<kw name="Sleep" library="BuiltIn">
<doc>Pauses the test executed for the given time.</doc>
<arguments>
<arg>1</arg>
</arguments>
<msg timestamp="20201027 18:12:22.799" level="INFO">Slept 1 second</msg>
<status status="PASS" starttime="20201027 18:12:21.799" endtime="20201027 18:12:22.799"></status>
</kw>
<kw name="Click Element" library="SeleniumLibrary">
<doc>Click the element identified by ``locator``.</doc>
<arguments>
<arg>xpath://body/div[@id='container']/div[@id='main']/div[1]/div[1]/div[1]/form[1]/div[1]/div[2]/input[1]</arg>
</arguments>
<msg timestamp="20201027 18:12:22.801" level="INFO">Clicking element 'xpath://body/div[@id='container']/div[@id='main']/div[1]/div[1]/div[1]/form[1]/div[1]/div[2]/input[1]'.</msg>
<status status="PASS" starttime="20201027 18:12:22.800" endtime="20201027 18:12:23.865"></status>
</kw>
<kw name="Sleep" library="BuiltIn">
<doc>Pauses the test executed for the given time.</doc>
<arguments>
<arg>1</arg>
</arguments>
<msg timestamp="20201027 18:12:24.865" level="INFO">Slept 1 second</msg>
<status status="PASS" starttime="20201027 18:12:23.865" endtime="20201027 18:12:24.866"></status>
</kw>
<kw name="Test checkbox" library="Common">
<kw name="Select Checkbox" library="SeleniumLibrary">
<doc>Selects the checkbox identified by ``locator``.</doc>
<arguments>
<arg>xpath://tbody/tr[1]/td[1]/input[1]</arg>
</arguments>
<msg timestamp="20201027 18:12:24.868" level="INFO">Selecting checkbox 'xpath://tbody/tr[1]/td[1]/input[1]'.</msg>
<status status="PASS" starttime="20201027 18:12:24.867" endtime="20201027 18:12:24.955"></status>
</kw>
<kw name="Select Checkbox" library="SeleniumLibrary">
<doc>Selects the checkbox identified by ``locator``.</doc>
<arguments>
<arg>xpath://tbody/tr[2]/td[1]/input[1]</arg>
</arguments>
<msg timestamp="20201027 18:12:24.955" level="INFO">Selecting checkbox 'xpath://tbody/tr[2]/td[1]/input[1]'.</msg>
<status status="PASS" starttime="20201027 18:12:24.955" endtime="20201027 18:12:25.027"></status>
</kw>
<kw name="Sleep" library="BuiltIn">
<doc>Pauses the test executed for the given time.</doc>
<arguments>
<arg>1</arg>
</arguments>
<msg timestamp="20201027 18:12:26.028" level="INFO">Slept 1 second</msg>
<status status="PASS" starttime="20201027 18:12:25.027" endtime="20201027 18:12:26.028"></status>
</kw>
<kw name="Unselect Checkbox" library="SeleniumLibrary">
<doc>Removes the selection of checkbox identified by ``locator``.</doc>
<arguments>
<arg>xpath://tbody/tr[2]/td[1]/input[1]</arg>
</arguments>
<msg timestamp="20201027 18:12:26.029" level="INFO">Unselecting checkbox 'xpath://tbody/tr[2]/td[1]/input[1]'.</msg>
<status status="PASS" starttime="20201027 18:12:26.028" endtime="20201027 18:12:26.133"></status>
</kw>
<kw name="Sleep" library="BuiltIn">
<doc>Pauses the test executed for the given time.</doc>
<arguments>
<arg>1</arg>
</arguments>
<msg timestamp="20201027 18:12:27.134" level="INFO">Slept 1 second</msg>
<status status="PASS" starttime="20201027 18:12:26.133" endtime="20201027 18:12:27.134"></status>
</kw>
<status status="PASS" starttime="20201027 18:12:24.866" endtime="20201027 18:12:27.135"></status>
</kw>
<kw name="Delete Entry" library="Common">
<kw name="Select From List By Index" library="SeleniumLibrary">
<doc>Selects options from selection list ``locator`` by ``indexes``.</doc>
<arguments>
<arg>action</arg>
<arg>1</arg>
</arguments>
<msg timestamp="20201027 18:12:27.137" level="INFO">Selecting options from selection list 'action' by index 1.</msg>
<status status="PASS" starttime="20201027 18:12:27.136" endtime="20201027 18:12:27.235"></status>
</kw>
<kw name="Click Element" library="SeleniumLibrary">
<doc>Click the element identified by ``locator``.</doc>
<arguments>
<arg>xpath://button[contains(text(),'Go')]</arg>
</arguments>
<msg timestamp="20201027 18:12:27.235" level="INFO">Clicking element 'xpath://button[contains(text(),'Go')]'.</msg>
<status status="PASS" starttime="20201027 18:12:27.235" endtime="20201027 18:12:27.368"></status>
</kw>
<kw name="Click Element" library="SeleniumLibrary">
<doc>Click the element identified by ``locator``.</doc>
<arguments>
<arg>xpath://body/div[@id='container']/div[@id='main']/div[1]/div[1]/form[1]/div[1]/input[4]</arg>
</arguments>
<msg timestamp="20201027 18:12:27.369" level="INFO">Clicking element 'xpath://body/div[@id='container']/div[@id='main']/div[1]/div[1]/form[1]/div[1]/input[4]'.</msg>
<status status="PASS" starttime="20201027 18:12:27.369" endtime="20201027 18:12:27.901"></status>
</kw>
<kw name="Sleep" library="BuiltIn">
<doc>Pauses the test executed for the given time.</doc>
<arguments>
<arg>1</arg>
</arguments>
<msg timestamp="20201027 18:12:28.902" level="INFO">Slept 1 second</msg>
<status status="PASS" starttime="20201027 18:12:27.902" endtime="20201027 18:12:28.903"></status>
</kw>
<status status="PASS" starttime="20201027 18:12:27.135" endtime="20201027 18:12:28.903"></status>
</kw>
<kw name="Close Browser" library="SeleniumLibrary">
<doc>Closes the current browser.</doc>
<status status="PASS" starttime="20201027 18:12:28.904" endtime="20201027 18:12:28.963"></status>
</kw>
<status status="PASS" starttime="20201027 18:12:09.889" endtime="20201027 18:12:28.963" critical="yes"></status>
</test>
<status status="PASS" starttime="20201027 18:12:09.886" endtime="20201027 18:12:28.964"></status>
</suite>
<suite id="s1-s4" name="TestLoginPage" source="/home/tathyak/Programmatic/Django_Cybage_Assignment/RobotTestCases/TestLoginPage.robot">
<test id="s1-s4-t1" name="LoginTest">
<kw name="Open Browser" library="SeleniumLibrary">
<doc>Opens a new browser instance to the optional ``url``.</doc>
<arguments>
<arg>${AdminLoginUrl}</arg>
<arg>${Browser}</arg>
</arguments>
<msg timestamp="20201027 18:12:28.971" level="INFO">Opening browser 'chrome' to base url 'http://127.0.0.1:8000/admin/login/?next=/admin/'.</msg>
<status status="PASS" starttime="20201027 18:12:28.971" endtime="20201027 18:12:31.145"></status>
</kw>
<kw name="Maximize Browser Window" library="SeleniumLibrary">
<doc>Maximizes current browser window.</doc>
<status status="PASS" starttime="20201027 18:12:31.145" endtime="20201027 18:12:31.153"></status>
</kw>
<kw name="Login" library="Common">
<kw name="Input Text" library="SeleniumLibrary">
<doc>Types the given ``text`` into the text field identified by ``locator``.</doc>
<arguments>
<arg>id:id_username</arg>
<arg>tathyak</arg>
</arguments>
<msg timestamp="20201027 18:12:31.154" level="INFO">Typing text 'tathyak' into text field 'id:id_username'.</msg>
<status status="PASS" starttime="20201027 18:12:31.153" endtime="20201027 18:12:31.234"></status>
</kw>
<kw name="Input Text" library="SeleniumLibrary">
<doc>Types the given ``text`` into the text field identified by ``locator``.</doc>
<arguments>
<arg>id:id_password</arg>
<arg>tathya123</arg>
</arguments>
<msg timestamp="20201027 18:12:31.235" level="INFO">Typing text 'tathya123' into text field 'id:id_password'.</msg>
<status status="PASS" starttime="20201027 18:12:31.235" endtime="20201027 18:12:31.321"></status>
</kw>
<kw name="Click Element" library="SeleniumLibrary">
<doc>Click the element identified by ``locator``.</doc>
<arguments>
<arg>xpath://body/div[@id='container']/div[@id='main']/div[1]/div[1]/div[1]/form[1]/div[3]/input[1]</arg>
</arguments>
<msg timestamp="20201027 18:12:31.322" level="INFO">Clicking element 'xpath://body/div[@id='container']/div[@id='main']/div[1]/div[1]/div[1]/form[1]/div[3]/input[1]'.</msg>
<status status="PASS" starttime="20201027 18:12:31.322" endtime="20201027 18:12:32.507"></status>
</kw>
<status status="PASS" starttime="20201027 18:12:31.153" endtime="20201027 18:12:32.507"></status>
</kw>
<kw name="Sleep" library="BuiltIn">
<doc>Pauses the test executed for the given time.</doc>
<arguments>
<arg>2</arg>
</arguments>
<msg timestamp="20201027 18:12:34.509" level="INFO">Slept 2 seconds</msg>
<status status="PASS" starttime="20201027 18:12:32.508" endtime="20201027 18:12:34.509"></status>
</kw>
<kw name="Close Browser" library="SeleniumLibrary">
<doc>Closes the current browser.</doc>
<status status="PASS" starttime="20201027 18:12:34.510" endtime="20201027 18:12:34.568"></status>
</kw>
<status status="PASS" starttime="20201027 18:12:28.970" endtime="20201027 18:12:34.568" critical="yes"></status>
</test>
<test id="s1-s4-t2" name="InputBoxTest">
<kw name="Set Variable" library="BuiltIn">
<doc>Returns the given values which can then be assigned to a variables.</doc>
<arguments>
<arg>id:id_username</arg>
</arguments>
<assign>
<var>${"UserName"}</var>
</assign>
<msg timestamp="20201027 18:12:34.570" level="INFO">${"UserName"} = id:id_username</msg>
<status status="PASS" starttime="20201027 18:12:34.569" endtime="20201027 18:12:34.570"></status>
</kw>
<kw name="Set Variable" library="BuiltIn">
<doc>Returns the given values which can then be assigned to a variables.</doc>
<arguments>
<arg>id:id_password</arg>
</arguments>
<assign>
<var>${"Password"}</var>
</assign>
<msg timestamp="20201027 18:12:34.570" level="INFO">${"Password"} = id:id_password</msg>
<status status="PASS" starttime="20201027 18:12:34.570" endtime="20201027 18:12:34.570"></status>
</kw>
<kw name="Open Browser" library="SeleniumLibrary">
<doc>Opens a new browser instance to the optional ``url``.</doc>
<arguments>
<arg>${AdminLoginUrl}</arg>
<arg>${Browser}</arg>
</arguments>
<msg timestamp="20201027 18:12:34.571" level="INFO">Opening browser 'chrome' to base url 'http://127.0.0.1:8000/admin/login/?next=/admin/'.</msg>
<status status="PASS" starttime="20201027 18:12:34.570" endtime="20201027 18:12:36.985"></status>
</kw>
<kw name="Maximize Browser Window" library="SeleniumLibrary">
<doc>Maximizes current browser window.</doc>
<status status="PASS" starttime="20201027 18:12:36.986" endtime="20201027 18:12:36.994"></status>
</kw>
<kw name="Element Should Be Visible" library="SeleniumLibrary">
<doc>Verifies that the element identified by ``locator`` is visible.</doc>
<arguments>
<arg>${"UserName"}</arg>
</arguments>
<msg timestamp="20201027 18:12:37.031" level="INFO">Element 'id:id_username' is displayed.</msg>
<status status="PASS" starttime="20201027 18:12:36.994" endtime="20201027 18:12:37.031"></status>
</kw>
<kw name="Element Should Be Enabled" library="SeleniumLibrary">
<doc>Verifies that element identified by ``locator`` is enabled.</doc>
<arguments>
<arg>${"UserName"}</arg>
</arguments>
<status status="PASS" starttime="20201027 18:12:37.031" endtime="20201027 18:12:37.055"></status>
</kw>
<kw name="Element Should Be Visible" library="SeleniumLibrary">
<doc>Verifies that the element identified by ``locator`` is visible.</doc>
<arguments>
<arg>${"Password"}</arg>
</arguments>
<msg timestamp="20201027 18:12:37.079" level="INFO">Element 'id:id_password' is displayed.</msg>
<status status="PASS" starttime="20201027 18:12:37.055" endtime="20201027 18:12:37.079"></status>
</kw>
<kw name="Element Should Be Enabled" library="SeleniumLibrary">
<doc>Verifies that element identified by ``locator`` is enabled.</doc>
<arguments>
<arg>${"Password"}</arg>
</arguments>
<status status="PASS" starttime="20201027 18:12:37.079" endtime="20201027 18:12:37.100"></status>
</kw>
<kw name="Input Text" library="SeleniumLibrary">
<doc>Types the given ``text`` into the text field identified by ``locator``.</doc>
<arguments>
<arg>${"UserName"}</arg>
<arg>testuser</arg>
</arguments>
<msg timestamp="20201027 18:12:37.101" level="INFO">Typing text 'testuser' into text field 'id:id_username'.</msg>
<status status="PASS" starttime="20201027 18:12:37.101" endtime="20201027 18:12:37.163"></status>
</kw>
<kw name="Sleep" library="BuiltIn">
<doc>Pauses the test executed for the given time.</doc>
<arguments>
<arg>1</arg>
</arguments>
<msg timestamp="20201027 18:12:38.164" level="INFO">Slept 1 second</msg>
<status status="PASS" starttime="20201027 18:12:37.163" endtime="20201027 18:12:38.165"></status>
</kw>
<kw name="Clear Element Text" library="SeleniumLibrary">
<doc>Clears the value of the text-input-element identified by ``locator``.</doc>
<arguments>
<arg>${"UserName"}</arg>
</arguments>
<status status="PASS" starttime="20201027 18:12:38.165" endtime="20201027 18:12:38.209"></status>
</kw>
<kw name="Input Text" library="SeleniumLibrary">
<doc>Types the given ``text`` into the text field identified by ``locator``.</doc>
<arguments>
<arg>${"Password"}</arg>
<arg>123456</arg>
</arguments>
<msg timestamp="20201027 18:12:38.210" level="INFO">Typing text '123456' into text field 'id:id_password'.</msg>
<status status="PASS" starttime="20201027 18:12:38.210" endtime="20201027 18:12:38.317"></status>
</kw>
<kw name="Sleep" library="BuiltIn">
<doc>Pauses the test executed for the given time.</doc>
<arguments>
<arg>1</arg>
</arguments>
<msg timestamp="20201027 18:12:39.318" level="INFO">Slept 1 second</msg>
<status status="PASS" starttime="20201027 18:12:38.317" endtime="20201027 18:12:39.319"></status>
</kw>
<kw name="Clear Element Text" library="SeleniumLibrary">
<doc>Clears the value of the text-input-element identified by ``locator``.</doc>
<arguments>
<arg>${"Password"}</arg>
</arguments>
<status status="PASS" starttime="20201027 18:12:39.319" endtime="20201027 18:12:39.364"></status>
</kw>
<kw name="Close Browser" library="SeleniumLibrary">
<doc>Closes the current browser.</doc>
<status status="PASS" starttime="20201027 18:12:39.364" endtime="20201027 18:12:39.425"></status>
</kw>
<status status="PASS" starttime="20201027 18:12:34.569" endtime="20201027 18:12:39.425" critical="yes"></status>
</test>
<status status="PASS" starttime="20201027 18:12:28.966" endtime="20201027 18:12:39.427"></status>
</suite>
<suite id="s1-s5" name="TestOrgPage" source="/home/tathyak/Programmatic/Django_Cybage_Assignment/RobotTestCases/TestOrgPage.robot">
<test id="s1-s5-t1" name="OrganizationTest">
<kw name="Open Browser" library="SeleniumLibrary">
<doc>Opens a new browser instance to the optional ``url``.</doc>
<arguments>
<arg>${OrgUrl}</arg>
<arg>${Browser}</arg>
</arguments>
<msg timestamp="20201027 18:12:39.436" level="INFO">Opening browser 'chrome' to base url 'http://127.0.0.1:8000/admin/employee_app/organization/'.</msg>
<status status="PASS" starttime="20201027 18:12:39.436" endtime="20201027 18:12:41.939"></status>
</kw>
<kw name="Maximize Browser Window" library="SeleniumLibrary">
<doc>Maximizes current browser window.</doc>
<status status="PASS" starttime="20201027 18:12:41.940" endtime="20201027 18:12:41.955"></status>
</kw>
<kw name="Login" library="Common">
<kw name="Input Text" library="SeleniumLibrary">
<doc>Types the given ``text`` into the text field identified by ``locator``.</doc>
<arguments>
<arg>id:id_username</arg>
<arg>tathyak</arg>
</arguments>
<msg timestamp="20201027 18:12:41.958" level="INFO">Typing text 'tathyak' into text field 'id:id_username'.</msg>
<status status="PASS" starttime="20201027 18:12:41.957" endtime="20201027 18:12:42.081"></status>
</kw>
<kw name="Input Text" library="SeleniumLibrary">
<doc>Types the given ``text`` into the text field identified by ``locator``.</doc>
<arguments>
<arg>id:id_password</arg>
<arg>tathya123</arg>
</arguments>
<msg timestamp="20201027 18:12:42.082" level="INFO">Typing text 'tathya123' into text field 'id:id_password'.</msg>
<status status="PASS" starttime="20201027 18:12:42.082" endtime="20201027 18:12:42.173"></status>
</kw>
<kw name="Click Element" library="SeleniumLibrary">
<doc>Click the element identified by ``locator``.</doc>
<arguments>
<arg>xpath://body/div[@id='container']/div[@id='main']/div[1]/div[1]/div[1]/form[1]/div[3]/input[1]</arg>
</arguments>
<msg timestamp="20201027 18:12:42.173" level="INFO">Clicking element 'xpath://body/div[@id='container']/div[@id='main']/div[1]/div[1]/div[1]/form[1]/div[3]/input[1]'.</msg>
<status status="PASS" starttime="20201027 18:12:42.173" endtime="20201027 18:12:43.442"></status>
</kw>
<status status="PASS" starttime="20201027 18:12:41.956" endtime="20201027 18:12:43.443"></status>
</kw>
<kw name="Sleep" library="BuiltIn">
<doc>Pauses the test executed for the given time.</doc>
<arguments>
<arg>1</arg>
</arguments>
<msg timestamp="20201027 18:12:44.444" level="INFO">Slept 1 second</msg>
<status status="PASS" starttime="20201027 18:12:43.443" endtime="20201027 18:12:44.444"></status>
</kw>
<kw name="Click Element" library="SeleniumLibrary">
<doc>Click the element identified by ``locator``.</doc>
<arguments>
<arg>xpath://a[contains(text(),'Add organization')]</arg>
</arguments>
<msg timestamp="20201027 18:12:44.445" level="INFO">Clicking element 'xpath://a[contains(text(),'Add organization')]'.</msg>
<status status="PASS" starttime="20201027 18:12:44.445" endtime="20201027 18:12:44.801"></status>
</kw>
<kw name="Set Variable" library="BuiltIn">
<doc>Returns the given values which can then be assigned to a variables.</doc>
<arguments>
<arg>id:id_organizationName</arg>
</arguments>
<assign>
<var>${"OrgName"}</var>
</assign>
<msg timestamp="20201027 18:12:44.802" level="INFO">${"OrgName"} = id:id_organizationName</msg>
<status status="PASS" starttime="20201027 18:12:44.802" endtime="20201027 18:12:44.802"></status>
</kw>
<kw name="Element Should Be Visible" library="SeleniumLibrary">
<doc>Verifies that the element identified by ``locator`` is visible.</doc>
<arguments>
<arg>${"OrgName"}</arg>
</arguments>
<msg timestamp="20201027 18:12:44.832" level="INFO">Element 'id:id_organizationName' is displayed.</msg>
<status status="PASS" starttime="20201027 18:12:44.802" endtime="20201027 18:12:44.832"></status>
</kw>
<kw name="Element Should Be Enabled" library="SeleniumLibrary">
<doc>Verifies that element identified by ``locator`` is enabled.</doc>
<arguments>
<arg>${"OrgName"}</arg>
</arguments>
<status status="PASS" starttime="20201027 18:12:44.832" endtime="20201027 18:12:44.852"></status>
</kw>
<kw name="Input Text" library="SeleniumLibrary">
<doc>Types the given ``text`` into the text field identified by ``locator``.</doc>
<arguments>
<arg>${"OrgName"}</arg>
<arg>testorg</arg>
</arguments>
<msg timestamp="20201027 18:12:44.853" level="INFO">Typing text 'testorg' into text field 'id:id_organizationName'.</msg>
<status status="PASS" starttime="20201027 18:12:44.852" endtime="20201027 18:12:44.920"></status>
</kw>
<kw name="Sleep" library="BuiltIn">
<doc>Pauses the test executed for the given time.</doc>
<arguments>
<arg>1</arg>
</arguments>
<msg timestamp="20201027 18:12:45.921" level="INFO">Slept 1 second</msg>
<status status="PASS" starttime="20201027 18:12:44.921" endtime="20201027 18:12:45.922"></status>
</kw>
<kw name="Click Element" library="SeleniumLibrary">
<doc>Click the element identified by ``locator``.</doc>
<arguments>
<arg>xpath://body/div[@id='container']/div[@id='main']/div[1]/div[1]/div[1]/form[1]/div[1]/div[2]/input[1]</arg>
</arguments>
<msg timestamp="20201027 18:12:45.923" level="INFO">Clicking element 'xpath://body/div[@id='container']/div[@id='main']/div[1]/div[1]/div[1]/form[1]/div[1]/div[2]/input[1]'.</msg>
<status status="PASS" starttime="20201027 18:12:45.922" endtime="20201027 18:12:46.433"></status>
</kw>
<kw name="Test checkbox" library="Common">
<kw name="Select Checkbox" library="SeleniumLibrary">
<doc>Selects the checkbox identified by ``locator``.</doc>
<arguments>
<arg>xpath://tbody/tr[1]/td[1]/input[1]</arg>
</arguments>
<msg timestamp="20201027 18:12:46.435" level="INFO">Selecting checkbox 'xpath://tbody/tr[1]/td[1]/input[1]'.</msg>
<status status="PASS" starttime="20201027 18:12:46.434" endtime="20201027 18:12:46.513"></status>
</kw>
<kw name="Select Checkbox" library="SeleniumLibrary">
<doc>Selects the checkbox identified by ``locator``.</doc>
<arguments>
<arg>xpath://tbody/tr[2]/td[1]/input[1]</arg>
</arguments>
<msg timestamp="20201027 18:12:46.514" level="INFO">Selecting checkbox 'xpath://tbody/tr[2]/td[1]/input[1]'.</msg>
<status status="PASS" starttime="20201027 18:12:46.514" endtime="20201027 18:12:46.579"></status>
</kw>
<kw name="Sleep" library="BuiltIn">
<doc>Pauses the test executed for the given time.</doc>
<arguments>
<arg>1</arg>
</arguments>
<msg timestamp="20201027 18:12:47.580" level="INFO">Slept 1 second</msg>
<status status="PASS" starttime="20201027 18:12:46.579" endtime="20201027 18:12:47.580"></status>
</kw>
<kw name="Unselect Checkbox" library="SeleniumLibrary">
<doc>Removes the selection of checkbox identified by ``locator``.</doc>
<arguments>
<arg>xpath://tbody/tr[2]/td[1]/input[1]</arg>
</arguments>
<msg timestamp="20201027 18:12:47.581" level="INFO">Unselecting checkbox 'xpath://tbody/tr[2]/td[1]/input[1]'.</msg>
<status status="PASS" starttime="20201027 18:12:47.581" endtime="20201027 18:12:47.692"></status>
</kw>
<kw name="Sleep" library="BuiltIn">
<doc>Pauses the test executed for the given time.</doc>
<arguments>
<arg>1</arg>
</arguments>
<msg timestamp="20201027 18:12:48.693" level="INFO">Slept 1 second</msg>
<status status="PASS" starttime="20201027 18:12:47.692" endtime="20201027 18:12:48.693"></status>
</kw>
<status status="PASS" starttime="20201027 18:12:46.433" endtime="20201027 18:12:48.694"></status>
</kw>
<kw name="Delete Entry" library="Common">
<kw name="Select From List By Index" library="SeleniumLibrary">
<doc>Selects options from selection list ``locator`` by ``indexes``.</doc>
<arguments>
<arg>action</arg>
<arg>1</arg>
</arguments>
<msg timestamp="20201027 18:12:48.696" level="INFO">Selecting options from selection list 'action' by index 1.</msg>
<status status="PASS" starttime="20201027 18:12:48.695" endtime="20201027 18:12:48.777"></status>
</kw>
<kw name="Click Element" library="SeleniumLibrary">
<doc>Click the element identified by ``locator``.</doc>
<arguments>
<arg>xpath://button[contains(text(),'Go')]</arg>
</arguments>
<msg timestamp="20201027 18:12:48.777" level="INFO">Clicking element 'xpath://button[contains(text(),'Go')]'.</msg>
<status status="PASS" starttime="20201027 18:12:48.777" endtime="20201027 18:12:48.911"></status>
</kw>
<kw name="Click Element" library="SeleniumLibrary">
<doc>Click the element identified by ``locator``.</doc>
<arguments>
<arg>xpath://body/div[@id='container']/div[@id='main']/div[1]/div[1]/form[1]/div[1]/input[4]</arg>
</arguments>
<msg timestamp="20201027 18:12:48.912" level="INFO">Clicking element 'xpath://body/div[@id='container']/div[@id='main']/div[1]/div[1]/form[1]/div[1]/input[4]'.</msg>
<status status="PASS" starttime="20201027 18:12:48.911" endtime="20201027 18:12:49.382"></status>
</kw>
<kw name="Sleep" library="BuiltIn">
<doc>Pauses the test executed for the given time.</doc>
<arguments>
<arg>1</arg>
</arguments>
<msg timestamp="20201027 18:12:50.382" level="INFO">Slept 1 second</msg>
<status status="PASS" starttime="20201027 18:12:49.382" endtime="20201027 18:12:50.383"></status>
</kw>
<status status="PASS" starttime="20201027 18:12:48.694" endtime="20201027 18:12:50.383"></status>
</kw>
<kw name="Close Browser" library="SeleniumLibrary">
<doc>Closes the current browser.</doc>
<status status="PASS" starttime="20201027 18:12:50.384" endtime="20201027 18:12:50.443"></status>
</kw>
<status status="PASS" starttime="20201027 18:12:39.435" endtime="20201027 18:12:50.444" critical="yes"></status>
</test>
<status status="PASS" starttime="20201027 18:12:39.429" endtime="20201027 18:12:50.445"></status>
</suite>
<status status="PASS" starttime="20201027 18:11:44.978" endtime="20201027 18:12:50.447"></status>
</suite>
<statistics>
<total>
<stat pass="6" fail="0">Critical Tests</stat>
<stat pass="6" fail="0">All Tests</stat>
</total>
<tag>
</tag>
<suite>
<stat pass="6" fail="0" id="s1" name="RobotTestCases">RobotTestCases</stat>
<stat pass="1" fail="0" id="s1-s1" name="TestDeptPage">RobotTestCases.TestDeptPage</stat>
<stat pass="1" fail="0" id="s1-s2" name="TestDesPage">RobotTestCases.TestDesPage</stat>
<stat pass="1" fail="0" id="s1-s3" name="TestEmpPage">RobotTestCases.TestEmpPage</stat>
<stat pass="2" fail="0" id="s1-s4" name="TestLoginPage">RobotTestCases.TestLoginPage</stat>
<stat pass="1" fail="0" id="s1-s5" name="TestOrgPage">RobotTestCases.TestOrgPage</stat>
</suite>
</statistics>
<errors>
</errors>
</robot>
